{"/Users/andeladeveloper/Projects/inverted-index/spec/app-spec.js":{"path":"/Users/andeladeveloper/Projects/inverted-index/spec/app-spec.js","s":{"1":1,"2":1,"3":0,"4":0,"5":0,"6":0,"7":0,"8":0,"9":0,"10":0,"11":0,"12":0,"13":0,"14":0,"15":0,"16":0,"17":0,"18":0,"19":0,"20":0,"21":0,"22":0,"23":0,"24":0,"25":0},"b":{},"f":{},"fnMap":{},"statementMap":{"1":{"start":{"line":5,"column":0},"end":{"line":10,"column":49}},"2":{"start":{"line":14,"column":0},"end":{"line":18,"column":3}},"3":{"start":{"line":15,"column":2},"end":{"line":17,"column":5}},"4":{"start":{"line":16,"column":4},"end":{"line":16,"column":40}},"5":{"start":{"line":22,"column":0},"end":{"line":27,"column":3}},"6":{"start":{"line":23,"column":2},"end":{"line":26,"column":5}},"7":{"start":{"line":24,"column":4},"end":{"line":24,"column":51}},"8":{"start":{"line":25,"column":4},"end":{"line":25,"column":65}},"9":{"start":{"line":31,"column":0},"end":{"line":43,"column":3}},"10":{"start":{"line":32,"column":2},"end":{"line":34,"column":5}},"11":{"start":{"line":33,"column":4},"end":{"line":33,"column":73}},"12":{"start":{"line":36,"column":2},"end":{"line":38,"column":5}},"13":{"start":{"line":37,"column":4},"end":{"line":37,"column":75}},"14":{"start":{"line":40,"column":2},"end":{"line":42,"column":5}},"15":{"start":{"line":41,"column":4},"end":{"line":41,"column":79}},"16":{"start":{"line":47,"column":0},"end":{"line":53,"column":3}},"17":{"start":{"line":48,"column":2},"end":{"line":52,"column":5}},"18":{"start":{"line":50,"column":4},"end":{"line":51,"column":44}},"19":{"start":{"line":57,"column":0},"end":{"line":62,"column":3}},"20":{"start":{"line":58,"column":2},"end":{"line":61,"column":5}},"21":{"start":{"line":59,"column":4},"end":{"line":60,"column":19}},"22":{"start":{"line":66,"column":0},"end":{"line":80,"column":3}},"23":{"start":{"line":67,"column":2},"end":{"line":79,"column":5}},"24":{"start":{"line":69,"column":4},"end":{"line":77,"column":21}},"25":{"start":{"line":78,"column":4},"end":{"line":78,"column":77}}},"branchMap":{}},"/Users/andeladeveloper/Projects/inverted-index/app/js/app.js":{"path":"/Users/andeladeveloper/Projects/inverted-index/app/js/app.js","s":{"1":1,"2":0,"3":0,"4":0,"5":0,"6":0,"7":0,"8":0,"9":0,"10":0,"11":0,"12":0,"13":0,"14":0,"15":0,"16":0,"17":0,"18":0,"19":0,"20":0,"21":0,"22":0,"23":0,"24":0,"25":0,"26":0,"27":0,"28":0,"29":0,"30":0,"31":0,"32":0,"33":0,"34":0,"35":0,"36":0,"37":0,"38":0,"39":0,"40":0,"41":0,"42":0,"43":0,"44":0,"45":0,"46":0,"47":0,"48":0,"49":0,"50":0,"51":0,"52":1,"53":1},"b":{"1":[0,0],"2":[0,0],"3":[0,0],"4":[0,0],"5":[0,0],"6":[0,0],"7":[0,0],"8":[0,0],"9":[0,0],"10":[1,0]},"f":{"1":1,"2":0,"3":0,"4":0,"5":0,"6":0,"7":0},"fnMap":{"1":{"name":"(anonymous_1)","line":9,"loc":{"start":{"line":9,"column":13},"end":{"line":9,"column":16}}},"2":{"name":"(anonymous_2)","line":17,"loc":{"start":{"line":17,"column":10},"end":{"line":17,"column":17}}},"3":{"name":"(anonymous_3)","line":34,"loc":{"start":{"line":34,"column":14},"end":{"line":34,"column":38}}},"4":{"name":"(anonymous_4)","line":57,"loc":{"start":{"line":57,"column":10},"end":{"line":57,"column":21}}},"5":{"name":"(anonymous_5)","line":72,"loc":{"start":{"line":72,"column":13},"end":{"line":72,"column":33}}},"6":{"name":"(anonymous_6)","line":98,"loc":{"start":{"line":98,"column":10},"end":{"line":98,"column":21}}},"7":{"name":"(anonymous_7)","line":107,"loc":{"start":{"line":107,"column":13},"end":{"line":107,"column":31}}}},"statementMap":{"1":{"start":{"line":10,"column":4},"end":{"line":10,"column":25}},"2":{"start":{"line":18,"column":4},"end":{"line":18,"column":21}},"3":{"start":{"line":19,"column":4},"end":{"line":26,"column":7}},"4":{"start":{"line":20,"column":6},"end":{"line":20,"column":42}},"5":{"start":{"line":21,"column":6},"end":{"line":21,"column":60}},"6":{"start":{"line":21,"column":33},"end":{"line":21,"column":59}},"7":{"start":{"line":22,"column":6},"end":{"line":24,"column":8}},"8":{"start":{"line":23,"column":8},"end":{"line":23,"column":74}},"9":{"start":{"line":25,"column":6},"end":{"line":25,"column":39}},"10":{"start":{"line":35,"column":4},"end":{"line":35,"column":31}},"11":{"start":{"line":36,"column":4},"end":{"line":36,"column":29}},"12":{"start":{"line":37,"column":4},"end":{"line":37,"column":23}},"13":{"start":{"line":38,"column":4},"end":{"line":49,"column":5}},"14":{"start":{"line":39,"column":6},"end":{"line":39,"column":62}},"15":{"start":{"line":40,"column":6},"end":{"line":41,"column":73}},"16":{"start":{"line":42,"column":6},"end":{"line":46,"column":9}},"17":{"start":{"line":43,"column":8},"end":{"line":45,"column":9}},"18":{"start":{"line":44,"column":10},"end":{"line":44,"column":26}},"19":{"start":{"line":48,"column":6},"end":{"line":48,"column":22}},"20":{"start":{"line":50,"column":4},"end":{"line":50,"column":19}},"21":{"start":{"line":58,"column":4},"end":{"line":58,"column":25}},"22":{"start":{"line":59,"column":4},"end":{"line":64,"column":7}},"23":{"start":{"line":73,"column":4},"end":{"line":73,"column":25}},"24":{"start":{"line":74,"column":4},"end":{"line":89,"column":7}},"25":{"start":{"line":75,"column":6},"end":{"line":88,"column":9}},"26":{"start":{"line":76,"column":8},"end":{"line":87,"column":9}},"27":{"start":{"line":77,"column":10},"end":{"line":77,"column":52}},"28":{"start":{"line":78,"column":10},"end":{"line":86,"column":13}},"29":{"start":{"line":79,"column":12},"end":{"line":85,"column":13}},"30":{"start":{"line":80,"column":14},"end":{"line":82,"column":15}},"31":{"start":{"line":81,"column":16},"end":{"line":81,"column":45}},"32":{"start":{"line":84,"column":14},"end":{"line":84,"column":41}},"33":{"start":{"line":90,"column":4},"end":{"line":90,"column":42}},"34":{"start":{"line":91,"column":4},"end":{"line":91,"column":16}},"35":{"start":{"line":99,"column":4},"end":{"line":99,"column":37}},"36":{"start":{"line":108,"column":4},"end":{"line":108,"column":17}},"37":{"start":{"line":109,"column":4},"end":{"line":113,"column":5}},"38":{"start":{"line":110,"column":6},"end":{"line":110,"column":46}},"39":{"start":{"line":112,"column":6},"end":{"line":112,"column":26}},"40":{"start":{"line":114,"column":4},"end":{"line":114,"column":27}},"41":{"start":{"line":115,"column":4},"end":{"line":115,"column":45}},"42":{"start":{"line":116,"column":4},"end":{"line":128,"column":7}},"43":{"start":{"line":117,"column":6},"end":{"line":117,"column":30}},"44":{"start":{"line":118,"column":6},"end":{"line":127,"column":9}},"45":{"start":{"line":119,"column":8},"end":{"line":119,"column":50}},"46":{"start":{"line":120,"column":8},"end":{"line":120,"column":51}},"47":{"start":{"line":121,"column":8},"end":{"line":125,"column":9}},"48":{"start":{"line":122,"column":10},"end":{"line":122,"column":49}},"49":{"start":{"line":124,"column":10},"end":{"line":124,"column":34}},"50":{"start":{"line":126,"column":8},"end":{"line":126,"column":41}},"51":{"start":{"line":129,"column":4},"end":{"line":129,"column":23}},"52":{"start":{"line":133,"column":0},"end":{"line":135,"column":1}},"53":{"start":{"line":134,"column":2},"end":{"line":134,"column":33}}},"branchMap":{"1":{"line":40,"type":"cond-expr","locations":[{"start":{"line":41,"column":57},"end":{"line":41,"column":62}},{"start":{"line":41,"column":65},"end":{"line":41,"column":72}}]},"2":{"line":40,"type":"binary-expr","locations":[{"start":{"line":40,"column":17},"end":{"line":40,"column":36}},{"start":{"line":41,"column":7},"end":{"line":41,"column":53}}]},"3":{"line":43,"type":"if","locations":[{"start":{"line":43,"column":8},"end":{"line":43,"column":8}},{"start":{"line":43,"column":8},"end":{"line":43,"column":8}}]},"4":{"line":43,"type":"binary-expr","locations":[{"start":{"line":43,"column":12},"end":{"line":43,"column":41}},{"start":{"line":43,"column":45},"end":{"line":43,"column":73}}]},"5":{"line":76,"type":"if","locations":[{"start":{"line":76,"column":8},"end":{"line":76,"column":8}},{"start":{"line":76,"column":8},"end":{"line":76,"column":8}}]},"6":{"line":79,"type":"if","locations":[{"start":{"line":79,"column":12},"end":{"line":79,"column":12}},{"start":{"line":79,"column":12},"end":{"line":79,"column":12}}]},"7":{"line":80,"type":"if","locations":[{"start":{"line":80,"column":14},"end":{"line":80,"column":14}},{"start":{"line":80,"column":14},"end":{"line":80,"column":14}}]},"8":{"line":109,"type":"if","locations":[{"start":{"line":109,"column":4},"end":{"line":109,"column":4}},{"start":{"line":109,"column":4},"end":{"line":109,"column":4}}]},"9":{"line":121,"type":"if","locations":[{"start":{"line":121,"column":8},"end":{"line":121,"column":8}},{"start":{"line":121,"column":8},"end":{"line":121,"column":8}}]},"10":{"line":133,"type":"if","locations":[{"start":{"line":133,"column":0},"end":{"line":133,"column":0}},{"start":{"line":133,"column":0},"end":{"line":133,"column":0}}]}}}}