TN:
SF:/Users/andeladeveloper/Projects/inverted-index/spec/app-spec.js
FNF:0
FNH:0
DA:5,1
DA:14,1
DA:15,1
DA:16,1
DA:22,1
DA:23,1
DA:24,1
DA:25,1
DA:31,1
DA:32,1
DA:33,1
DA:36,1
DA:37,1
DA:40,1
DA:41,1
DA:47,1
DA:48,1
DA:50,1
DA:57,1
DA:58,1
DA:59,1
DA:63,1
DA:64,1
DA:71,1
DA:72,1
DA:74,1
DA:83,1
LF:27
LH:27
BRF:0
BRH:0
end_of_record
TN:
SF:/Users/andeladeveloper/Projects/inverted-index/app/js/app.js
FN:9,(anonymous_1)
FN:17,(anonymous_2)
FN:34,(anonymous_3)
FN:57,(anonymous_4)
FN:72,(anonymous_5)
FN:100,(anonymous_6)
FN:109,(anonymous_7)
FNF:7
FNH:5
FNDA:1,(anonymous_1)
FNDA:0,(anonymous_2)
FNDA:5,(anonymous_3)
FNDA:3,(anonymous_4)
FNDA:2,(anonymous_5)
FNDA:1,(anonymous_6)
FNDA:0,(anonymous_7)
DA:10,1
DA:18,0
DA:19,0
DA:20,0
DA:21,0
DA:22,0
DA:23,0
DA:25,0
DA:35,5
DA:36,5
DA:37,5
DA:38,5
DA:39,5
DA:40,5
DA:42,5
DA:43,9
DA:44,5
DA:48,0
DA:50,5
DA:58,3
DA:59,3
DA:73,2
DA:74,2
DA:75,1
DA:76,1
DA:77,2
DA:78,2
DA:79,2
DA:80,9
DA:81,1
DA:82,0
DA:85,8
DA:91,1
DA:92,1
DA:101,1
DA:110,0
DA:111,0
DA:112,0
DA:114,0
DA:116,0
DA:117,0
DA:118,0
DA:119,0
DA:120,0
DA:121,0
DA:122,0
DA:123,0
DA:124,0
DA:126,0
DA:128,0
DA:131,0
DA:135,1
DA:136,1
LF:53
LH:28
BRDA:40,1,0,1
BRDA:40,1,1,4
BRDA:40,2,0,5
BRDA:40,2,1,5
BRDA:43,3,0,5
BRDA:43,3,1,4
BRDA:43,4,0,9
BRDA:43,4,1,4
BRDA:74,5,0,1
BRDA:74,5,1,1
BRDA:77,6,0,2
BRDA:77,6,1,0
BRDA:80,7,0,1
BRDA:80,7,1,8
BRDA:81,8,0,0
BRDA:81,8,1,1
BRDA:111,9,0,0
BRDA:111,9,1,0
BRDA:123,10,0,0
BRDA:123,10,1,0
BRDA:135,11,0,1
BRDA:135,11,1,0
BRF:22
BRH:15
end_of_record
